<?xml version='1.0'?>
<ns2:test-suite xmlns:ns2='urn:model.allure.qatools.yandex.ru' start='1669669028804' stop='1669669047459'>
    <name>Bootcamp E2E: Internet shop logo button</name>
    <title>Bootcamp E2E: Internet shop logo button</title>
    <test-cases>
        <test-case start='1669669028804' status='passed' stop='1669669028804'>
            <name></name>
            <title></title>
            <labels>
                <label name='language' value='javascript'/>
                <label name='framework' value='wdio'/>
                <label name='thread' value='0-0'/>
            </labels>
            <parameters>
                <parameter kind='argument' name='browser' value='chrome-107.0.5304.121'/>
            </parameters>
            <steps/>
            <attachments/>
        </test-case>
        <test-case start='1669669028804' status='passed' stop='1669669037822'>
            <name>Given I open the home page</name>
            <title>Given I open the home page</title>
            <labels>
                <label name='language' value='javascript'/>
                <label name='framework' value='wdio'/>
                <label name='thread' value='0-0'/>
            </labels>
            <parameters>
                <parameter kind='argument' name='browser' value='chrome-107.0.5304.121'/>
            </parameters>
            <steps>
                <step start='1669669028805' status='passed' stop='1669669037821'>
                    <name>POST /session/:sessionId/url</name>
                    <title>POST /session/:sessionId/url</title>
                    <attachments>
                        <attachment title='Request' source='e07bd570-81cf-4c77-8963-0666f14a8c20-attachment.json' type='application/json' size='38'/>
                    </attachments>
                    <steps/>
                </step>
            </steps>
            <attachments/>
        </test-case>
        <test-case start='1669669037822' status='passed' stop='1669669047456'>
            <name>And I close the promo banner if it appears</name>
            <title>And I close the promo banner if it appears</title>
            <labels>
                <label name='language' value='javascript'/>
                <label name='framework' value='wdio'/>
                <label name='thread' value='0-0'/>
            </labels>
            <parameters>
                <parameter kind='argument' name='browser' value='chrome-107.0.5304.121'/>
            </parameters>
            <steps>
                <step start='1669669037822' status='passed' stop='1669669047456'>
                    <name>POST /session/:sessionId/refresh</name>
                    <title>POST /session/:sessionId/refresh</title>
                    <attachments/>
                    <steps/>
                </step>
            </steps>
            <attachments/>
        </test-case>
        <test-case start='1669669047457' status='broken' stop='1669669047457'>
            <name>When Open "Today's Best Deals" tab</name>
            <title>When Open "Today's Best Deals" tab</title>
            <labels>
                <label name='language' value='javascript'/>
                <label name='framework' value='wdio'/>
                <label name='thread' value='0-0'/>
            </labels>
            <parameters>
                <parameter kind='argument' name='browser' value='chrome-107.0.5304.121'/>
            </parameters>
            <steps/>
            <attachments/>
            <failure>
                <message>Step "Open "Today's Best Deals" tab" is not defined. You can ignore this error by setting cucumberOpts.ignoreUndefinedDefinitions as true.</message>
                <stack-trace>Step "Open "Today's Best Deals" tab" is not defined. You can ignore this error by setting cucumberOpts.ignoreUndefinedDefinitions as true.
                	at Feature(/home/puma/Desktop/Bootcamp/TA-Bootcamp-E2E-1/features/bootcamp.feature):1:1
                	at Scenario(Internet shop logo button):16:3
                	at Step(Open "Today's Best Deals" tab):17:5
                </stack-trace>
            </failure>
        </test-case>
        <test-case start='1669669047457' status='broken' stop='1669669047458'>
            <name>And Click on the Internet shop logo &lt;location></name>
            <title>And Click on the Internet shop logo &lt;location></title>
            <labels>
                <label name='language' value='javascript'/>
                <label name='framework' value='wdio'/>
                <label name='thread' value='0-0'/>
            </labels>
            <parameters>
                <parameter kind='argument' name='browser' value='chrome-107.0.5304.121'/>
            </parameters>
            <steps/>
            <attachments/>
            <failure>
                <message>Step "Click on the Internet shop logo &lt;location>" is not defined. You can ignore this error by setting cucumberOpts.ignoreUndefinedDefinitions as true.</message>
                <stack-trace>Step "Click on the Internet shop logo &lt;location>" is not defined. You can ignore this error by setting cucumberOpts.ignoreUndefinedDefinitions as true.
                	at Feature(/home/puma/Desktop/Bootcamp/TA-Bootcamp-E2E-1/features/bootcamp.feature):1:1
                	at Scenario(Internet shop logo button):16:3
                	at Step(Click on the Internet shop logo &lt;location>):18:5
                </stack-trace>
            </failure>
        </test-case>
        <test-case start='1669669047458' status='broken' stop='1669669047458'>
            <name>Then Check that the main page opened</name>
            <title>Then Check that the main page opened</title>
            <labels>
                <label name='language' value='javascript'/>
                <label name='framework' value='wdio'/>
                <label name='thread' value='0-0'/>
            </labels>
            <parameters>
                <parameter kind='argument' name='browser' value='chrome-107.0.5304.121'/>
            </parameters>
            <steps/>
            <attachments/>
            <failure>
                <message>Step "Check that the main page opened" is not defined. You can ignore this error by setting cucumberOpts.ignoreUndefinedDefinitions as true.</message>
                <stack-trace>Step "Check that the main page opened" is not defined. You can ignore this error by setting cucumberOpts.ignoreUndefinedDefinitions as true.
                	at Feature(/home/puma/Desktop/Bootcamp/TA-Bootcamp-E2E-1/features/bootcamp.feature):1:1
                	at Scenario(Internet shop logo button):16:3
                	at Step(Check that the main page opened):19:5
                </stack-trace>
            </failure>
        </test-case>
        <test-case start='1669669047458' status='passed' stop='1669669047459'>
            <name></name>
            <title></title>
            <labels>
                <label name='language' value='javascript'/>
                <label name='framework' value='wdio'/>
                <label name='thread' value='0-0'/>
            </labels>
            <parameters>
                <parameter kind='argument' name='browser' value='chrome-107.0.5304.121'/>
            </parameters>
            <steps/>
            <attachments/>
        </test-case>
    </test-cases>
</ns2:test-suite>